[2026-05-29 01:20:04] === v2 遺꾪븷 ?꾩냽 ?뚯씠?꾨씪???쒖옉 ===
[2026-05-29 01:20:04] Training PID: 40120
[2026-05-29 01:20:04] Step 1/7: Waiting for training PID 40120 ...
[2026-05-29 14:21:52] Training process exited.
[2026-05-29 14:21:52] best.pt found: 21.47 MB
[2026-05-29 14:21:52] Step 2/7: YOLOv8s validation ...
[2026-05-29 14:22:44] Step 3/7: Export FP32 ONNX ...
[2026-05-29 14:22:48] Step 4/7: Quantization E1 W8A8 / E4 W4A16 / E5 SmoothQuant ...
[2026-05-29 14:47:46] Step 5/7: Static INT8 QDQ quantization ...
[2026-05-29 14:48:26] Step 6/7: Tracking evaluation (E0/E1/E4/E5 on new test split) ...
[2026-05-29 14:48:26]   Tracking eval: E0_FP32
[2026-05-29 14:55:32]   Tracking eval: E1_W8A8
[2026-05-29 15:02:42]   Tracking eval: E4_W4A16
[2026-05-29 15:08:51]   Tracking eval: E5_SmoothQuant
[2026-05-29 15:17:22] Step 7/7: E2E comprehensive evaluation ...
[2026-05-29 15:18:15] === Pipeline complete ===
[2026-05-29 15:18:15] Outputs:
[2026-05-29 15:18:15]   - runs\detect\edge_sign_v2_v2split\
[2026-05-29 15:18:15]   - logs\val_v2split.log
[2026-05-29 15:18:15]   - logs\track_*.log
[2026-05-29 15:18:15]   - logs\eval_e2e_v2.log
[2026-05-29 15:18:15]   - model_space\yolov8s_signs_*.onnx (v2 replaces v1; v1 in model_space\v1\)
