
Static INT8 QDQ Quantization
  ORT 1.26.0  Providers: ['TensorrtExecutionProvider', 'CUDAExecutionProvider', 'CPUExecutionProvider']
============================================================

[StaticQuant] yolov8s_signs_fp32.onnx
  PreProcess... done
  Quantize (calibration)...   [Calib YOLO] 100 frames
done [26.5s]
  yolov8s_signs_fp32.onnx: 44.75 MB -> 11.66 MB (3.84x smaller)
  Accuracy: CosSim=0.9995  MaxDiff=68.8950

[StaticQuant] korean_ocr_net_fp32.onnx
  PreProcess... done
  Quantize (calibration)...   [Calib OCR] 300 samples
done [1.5s]
  korean_ocr_net_fp32.onnx: 2.88 MB -> 0.80 MB (3.61x smaller)
  Accuracy: CosSim=0.9841  MaxDiff=308.1992

[StaticQuant] traffic_sign_net_fp32.onnx
  PreProcess... done
  Quantize (calibration)...   [Calib TSign] 200 crops
done [5.1s]
  traffic_sign_net_fp32.onnx: 0.13 MB -> 0.04 MB (2.81x smaller)
  Accuracy: CosSim=0.9999  MaxDiff=0.0668

============================================================
생성된 INT8 ONNX 파일:
  korean_ocr_net_int8_static.onnx               0.80 MB  (3.61x)
  traffic_sign_net_int8_static.onnx             0.04 MB  (2.81x)
  yolov8s_signs_int8_static.onnx                11.66 MB  (3.84x)
